Arguments: 
  C:\Program Files\nodejs\node.exe C:\Users\Mainul Hasan\AppData\Roaming\npm\node_modules\yarn\bin\yarn.js add react-router-dom

PATH: 
  C:\WINDOWS\system32;C:\WINDOWS;C:\WINDOWS\System32\Wbem;C:\WINDOWS\System32\WindowsPowerShell\v1.0\;C:\Program Files\Java\jdk1.8.0_144\bin;C:\Program Files\FreeDownloadManager.ORG\Free Download Manager;C:\Program Files (x86)\TeamViewer;C:\Program Files (x86)\Microsoft VS Code;C:\Program Files\Git\cmd;F:\xampp\mysql\bin;C:\Program Files\Geth;C:\Program Files\MongoDB\Server\3.4\bin;F:\sts-3.8.4.RELEASE;C:\Users\Mainul Hasan\eclipse\jee-oxygen\eclipse;C:\Program Files\Android\Android Studio\bin;C:\WINDOWS\System32\OpenSSH\;C:\Program Files\curl-7.60.0-win64-mingw\bin;F:\apache-maven-3.5.3\bin;C:\Program Files\nodejs\;C:\WINDOWS\system32\config\systemprofile\.dnx\bin;C:\Program Files\Microsoft DNX\Dnvm\;C:\Program Files\Microsoft SQL Server\120\Tools\Binn\;C:\Program Files\Sublime Text 3;C:\Program Files\JetBrains\IntelliJ IDEA 2018.2.1\bin;C:\Program Files\Microsoft SQL Server\Client SDK\ODBC\130\Tools\Binn\;C:\Program Files (x86)\Microsoft SQL Server\140\Tools\Binn\;C:\Program Files\Microsoft SQL Server\140\Tools\Binn\;C:\Program Files\Microsoft SQL Server\140\DTS\Binn\;C:\Program Files\gradle-4.8.1\bin;C:\Program Files\groovy-2.5.1\bin;C:\Program Files\grails-3.3.8\bin;C:\Program Files\netbeans\bin;F:\PostgreSQL\pg10\bin;F:\xampp\php;C:\composer;C:\Users\Mainul Hasan\AppData\Local\Microsoft\WindowsApps;;C:\Program Files\Microsoft VS Code\bin;C:\Program Files\heroku\bin;C:\Users\Mainul Hasan\AppData\Roaming\npm;C:\Users\Mainul Hasan\AppData\Roaming\Composer\vendor\bin

Yarn version: 
  1.9.4

Node version: 
  8.11.3

Platform: 
  win32 x64

Trace: 
  Error: EPERM: operation not permitted, copyfile 'C:\Users\Mainul Hasan\AppData\Local\Yarn\Cache\v2\npm-css-what-2.1.2-c0876d9d0480927d7d4920dcd72af3595649554d\package.json' -> 'F:\Other git repositories\react-tutorial-projects\HTTP-request-with-axios-in-react\react-app\node_modules\css-what\package.json'

npm manifest: 
  {
    "name": "bismillah-app",
    "version": "0.1.0",
    "private": true,
    "dependencies": {
      "@babel/plugin-proposal-class-properties": "^7.1.0",
      "axios": "^0.18.0",
      "bootstrap": "^4.1.3",
      "npm": "^6.4.1",
      "react": "^16.6.1",
      "react-dom": "^16.6.0",
      "react-router-dom": "^4.3.1",
      "react-scripts": "^2.0.5",
      "reactstrap": "^6.5.0",
      "webpack-dev-server": "^3.1.10"
    },
    "scripts": {
      "start": "webpack-dev-server",
      "build": "webpack",
      "test": "react-scripts test",
      "eject": "react-scripts eject"
    },
    "eslintConfig": {
      "extends": "react-app"
    },
    "browserslist": [
      ">0.2%",
      "not dead",
      "not ie <= 11",
      "not op_mini all"
    ],
    "devDependencies": {
      "@babel/core": "^7.1.2",
      "@babel/preset-env": "^7.1.0",
      "@babel/preset-react": "^7.0.0",
      "babel-loader": "^8.0.4",
      "css-loader": "^1.0.0",
      "react-svg-loader": "^2.1.0",
      "style-loader": "^0.23.1",
      "webpack": "^4.23.1",
      "webpack-cli": "^3.1.2"
    },
    "proxy": "http://localhost:8080/"
  }

yarn manifest: 
  No manifest

Lockfile: 
  No lockfile
